<?xml version="1.0" encoding="UTF-8"?>
<testsuite name="UserServiceTest" tests="5" skipped="0" failures="0" errors="0" timestamp="2025-05-24T07:37:16.739Z" hostname="welcome-dynamic-clients.wlan.uni-ulm.de" time="0.029">
  <properties/>
  <testcase name="testClearUsers()" classname="UserServiceTest" time="0.016"/>
  <testcase name="testRegisterBlankUsernameThrowsException()" classname="UserServiceTest" time="0.002"/>
  <testcase name="testRegisterDuplicateUser()" classname="UserServiceTest" time="0.002"/>
  <testcase name="testRegisterNullUserThrowsException()" classname="UserServiceTest" time="0.002"/>
  <testcase name="testRegisterUserSuccessfully()" classname="UserServiceTest" time="0.002"/>
  <system-out><![CDATA[]]></system-out>
  <system-err><![CDATA[]]></system-err>
</testsuite>
